<?xml version="1.0" encoding="UTF-8"?>
<testng-results ignored="0" total="21" passed="21" failed="0" skipped="0">
  <reporter-output>
  </reporter-output>
  <suite started-at="2022-06-21T16:45:50 EET" name="Suite" finished-at="2022-06-21T16:51:04 EET" duration-ms="313878">
    <groups>
    </groups>
    <test started-at="2022-06-21T16:45:50 EET" name="Test" finished-at="2022-06-21T16:51:04 EET" duration-ms="313878">
      <class name="Pages.SignUP">
        <test-method is-config="true" signature="openURL()[pri:0, instance:Pages.SignUP@5c6648b0]" started-at="2022-06-21T16:46:49 EET" name="openURL" finished-at="2022-06-21T16:46:55 EET" duration-ms="6072" status="PASS">
          <reporter-output>
          </reporter-output>
        </test-method> <!-- openURL -->
        <test-method signature="BackButton()[pri:0, instance:Pages.SignUP@5c6648b0]" started-at="2022-06-21T16:46:55 EET" name="BackButton" finished-at="2022-06-21T16:46:56 EET" duration-ms="624" status="PASS">
          <reporter-output>
          </reporter-output>
        </test-method> <!-- BackButton -->
        <test-method is-config="true" signature="quit()[pri:0, instance:Pages.SignUP@5c6648b0]" started-at="2022-06-21T16:46:56 EET" name="quit" finished-at="2022-06-21T16:47:06 EET" duration-ms="10556" status="PASS">
          <reporter-output>
          </reporter-output>
        </test-method> <!-- quit -->
        <test-method is-config="true" signature="openURL()[pri:0, instance:Pages.SignUP@5c6648b0]" started-at="2022-06-21T16:47:06 EET" name="openURL" finished-at="2022-06-21T16:47:10 EET" duration-ms="3802" status="PASS">
          <reporter-output>
          </reporter-output>
        </test-method> <!-- openURL -->
        <test-method signature="SignUP_All_fields_empty()[pri:0, instance:Pages.SignUP@5c6648b0]" started-at="2022-06-21T16:47:10 EET" name="SignUP_All_fields_empty" finished-at="2022-06-21T16:47:11 EET" duration-ms="1062" status="PASS">
          <reporter-output>
          </reporter-output>
        </test-method> <!-- SignUP_All_fields_empty -->
        <test-method is-config="true" signature="quit()[pri:0, instance:Pages.SignUP@5c6648b0]" started-at="2022-06-21T16:47:11 EET" name="quit" finished-at="2022-06-21T16:47:19 EET" duration-ms="7547" status="PASS">
          <reporter-output>
          </reporter-output>
        </test-method> <!-- quit -->
        <test-method is-config="true" signature="openURL()[pri:0, instance:Pages.SignUP@5c6648b0]" started-at="2022-06-21T16:47:19 EET" name="openURL" finished-at="2022-06-21T16:47:24 EET" duration-ms="5381" status="PASS">
          <reporter-output>
          </reporter-output>
        </test-method> <!-- openURL -->
        <test-method signature="SignUP_Check_System_TerminateSpacesFrom_Mail()[pri:0, instance:Pages.SignUP@5c6648b0]" started-at="2022-06-21T16:47:24 EET" name="SignUP_Check_System_TerminateSpacesFrom_Mail" finished-at="2022-06-21T16:47:27 EET" duration-ms="3416" status="PASS">
          <reporter-output>
          </reporter-output>
        </test-method> <!-- SignUP_Check_System_TerminateSpacesFrom_Mail -->
        <test-method is-config="true" signature="quit()[pri:0, instance:Pages.SignUP@5c6648b0]" started-at="2022-06-21T16:47:27 EET" name="quit" finished-at="2022-06-21T16:47:35 EET" duration-ms="7676" status="PASS">
          <reporter-output>
          </reporter-output>
        </test-method> <!-- quit -->
        <test-method is-config="true" signature="openURL()[pri:0, instance:Pages.SignUP@5c6648b0]" started-at="2022-06-21T16:47:35 EET" name="openURL" finished-at="2022-06-21T16:47:39 EET" duration-ms="4199" status="PASS">
          <reporter-output>
          </reporter-output>
        </test-method> <!-- openURL -->
        <test-method signature="SignUP_CorrectData_Butinsert_NumbersandSymbols_in_name()[pri:0, instance:Pages.SignUP@5c6648b0]" started-at="2022-06-21T16:47:39 EET" name="SignUP_CorrectData_Butinsert_NumbersandSymbols_in_name" finished-at="2022-06-21T16:47:42 EET" duration-ms="3125" status="PASS">
          <reporter-output>
          </reporter-output>
        </test-method> <!-- SignUP_CorrectData_Butinsert_NumbersandSymbols_in_name -->
        <test-method is-config="true" signature="quit()[pri:0, instance:Pages.SignUP@5c6648b0]" started-at="2022-06-21T16:47:42 EET" name="quit" finished-at="2022-06-21T16:47:51 EET" duration-ms="8797" status="PASS">
          <reporter-output>
          </reporter-output>
        </test-method> <!-- quit -->
        <test-method is-config="true" signature="openURL()[pri:0, instance:Pages.SignUP@5c6648b0]" started-at="2022-06-21T16:47:51 EET" name="openURL" finished-at="2022-06-21T16:47:55 EET" duration-ms="3701" status="PASS">
          <reporter-output>
          </reporter-output>
        </test-method> <!-- openURL -->
        <test-method signature="SignUP_CorrectData_Butinsert_Wrong_Format_in_Mail()[pri:0, instance:Pages.SignUP@5c6648b0]" started-at="2022-06-21T16:47:55 EET" name="SignUP_CorrectData_Butinsert_Wrong_Format_in_Mail" finished-at="2022-06-21T16:47:58 EET" duration-ms="3217" status="PASS">
          <reporter-output>
          </reporter-output>
        </test-method> <!-- SignUP_CorrectData_Butinsert_Wrong_Format_in_Mail -->
        <test-method is-config="true" signature="quit()[pri:0, instance:Pages.SignUP@5c6648b0]" started-at="2022-06-21T16:47:58 EET" name="quit" finished-at="2022-06-21T16:48:06 EET" duration-ms="7823" status="PASS">
          <reporter-output>
          </reporter-output>
        </test-method> <!-- quit -->
        <test-method is-config="true" signature="openURL()[pri:0, instance:Pages.SignUP@5c6648b0]" started-at="2022-06-21T16:48:06 EET" name="openURL" finished-at="2022-06-21T16:48:10 EET" duration-ms="3656" status="PASS">
          <reporter-output>
          </reporter-output>
        </test-method> <!-- openURL -->
        <test-method signature="SignUP_CorrectData_Butinsert_Wrong_Format_in_URL()[pri:0, instance:Pages.SignUP@5c6648b0]" started-at="2022-06-21T16:48:10 EET" name="SignUP_CorrectData_Butinsert_Wrong_Format_in_URL" finished-at="2022-06-21T16:48:12 EET" duration-ms="2666" status="PASS">
          <reporter-output>
          </reporter-output>
        </test-method> <!-- SignUP_CorrectData_Butinsert_Wrong_Format_in_URL -->
        <test-method is-config="true" signature="quit()[pri:0, instance:Pages.SignUP@5c6648b0]" started-at="2022-06-21T16:48:12 EET" name="quit" finished-at="2022-06-21T16:48:19 EET" duration-ms="6955" status="PASS">
          <reporter-output>
          </reporter-output>
        </test-method> <!-- quit -->
        <test-method is-config="true" signature="openURL()[pri:0, instance:Pages.SignUP@5c6648b0]" started-at="2022-06-21T16:48:19 EET" name="openURL" finished-at="2022-06-21T16:48:24 EET" duration-ms="5181" status="PASS">
          <reporter-output>
          </reporter-output>
        </test-method> <!-- openURL -->
        <test-method signature="SignUP_CorrectData_Butinsert_differentValuesin_password_and_confirmpassword()[pri:0, instance:Pages.SignUP@5c6648b0]" started-at="2022-06-21T16:48:24 EET" name="SignUP_CorrectData_Butinsert_differentValuesin_password_and_confirmpassword" finished-at="2022-06-21T16:48:27 EET" duration-ms="2422" status="PASS">
          <reporter-output>
          </reporter-output>
        </test-method> <!-- SignUP_CorrectData_Butinsert_differentValuesin_password_and_confirmpassword -->
        <test-method is-config="true" signature="quit()[pri:0, instance:Pages.SignUP@5c6648b0]" started-at="2022-06-21T16:48:27 EET" name="quit" finished-at="2022-06-21T16:48:36 EET" duration-ms="8827" status="PASS">
          <reporter-output>
          </reporter-output>
        </test-method> <!-- quit -->
        <test-method is-config="true" signature="openURL()[pri:0, instance:Pages.SignUP@5c6648b0]" started-at="2022-06-21T16:48:36 EET" name="openURL" finished-at="2022-06-21T16:48:39 EET" duration-ms="3677" status="PASS">
          <reporter-output>
          </reporter-output>
        </test-method> <!-- openURL -->
        <test-method signature="SignUP_CorrectData_Butinsert_email_exist_before_in_Mail()[pri:0, instance:Pages.SignUP@5c6648b0]" started-at="2022-06-21T16:48:39 EET" name="SignUP_CorrectData_Butinsert_email_exist_before_in_Mail" finished-at="2022-06-21T16:48:42 EET" duration-ms="2276" status="PASS">
          <reporter-output>
          </reporter-output>
        </test-method> <!-- SignUP_CorrectData_Butinsert_email_exist_before_in_Mail -->
        <test-method is-config="true" signature="quit()[pri:0, instance:Pages.SignUP@5c6648b0]" started-at="2022-06-21T16:48:42 EET" name="quit" finished-at="2022-06-21T16:48:49 EET" duration-ms="7236" status="PASS">
          <reporter-output>
          </reporter-output>
        </test-method> <!-- quit -->
        <test-method is-config="true" signature="openURL()[pri:0, instance:Pages.SignUP@5c6648b0]" started-at="2022-06-21T16:48:49 EET" name="openURL" finished-at="2022-06-21T16:48:55 EET" duration-ms="5953" status="PASS">
          <reporter-output>
          </reporter-output>
        </test-method> <!-- openURL -->
        <test-method signature="SignUP_CorrectData_Butinsert_lettersandsymbols_in_phone()[pri:0, instance:Pages.SignUP@5c6648b0]" started-at="2022-06-21T16:48:55 EET" name="SignUP_CorrectData_Butinsert_lettersandsymbols_in_phone" finished-at="2022-06-21T16:48:58 EET" duration-ms="3357" status="PASS">
          <reporter-output>
          </reporter-output>
        </test-method> <!-- SignUP_CorrectData_Butinsert_lettersandsymbols_in_phone -->
        <test-method is-config="true" signature="quit()[pri:0, instance:Pages.SignUP@5c6648b0]" started-at="2022-06-21T16:48:58 EET" name="quit" finished-at="2022-06-21T16:49:07 EET" duration-ms="8353" status="PASS">
          <reporter-output>
          </reporter-output>
        </test-method> <!-- quit -->
        <test-method is-config="true" signature="openURL()[pri:0, instance:Pages.SignUP@5c6648b0]" started-at="2022-06-21T16:49:07 EET" name="openURL" finished-at="2022-06-21T16:49:10 EET" duration-ms="3555" status="PASS">
          <reporter-output>
          </reporter-output>
        </test-method> <!-- openURL -->
        <test-method signature="SignUP_CorrectData_Butinsert_numberWhichExistBefore_in_phone()[pri:0, instance:Pages.SignUP@5c6648b0]" started-at="2022-06-21T16:49:10 EET" name="SignUP_CorrectData_Butinsert_numberWhichExistBefore_in_phone" finished-at="2022-06-21T16:49:13 EET" duration-ms="2951" status="PASS">
          <reporter-output>
          </reporter-output>
        </test-method> <!-- SignUP_CorrectData_Butinsert_numberWhichExistBefore_in_phone -->
        <test-method is-config="true" signature="quit()[pri:0, instance:Pages.SignUP@5c6648b0]" started-at="2022-06-21T16:49:13 EET" name="quit" finished-at="2022-06-21T16:49:19 EET" duration-ms="5534" status="PASS">
          <reporter-output>
          </reporter-output>
        </test-method> <!-- quit -->
        <test-method is-config="true" signature="openURL()[pri:0, instance:Pages.SignUP@5c6648b0]" started-at="2022-06-21T16:49:19 EET" name="openURL" finished-at="2022-06-21T16:49:24 EET" duration-ms="5244" status="PASS">
          <reporter-output>
          </reporter-output>
        </test-method> <!-- openURL -->
        <test-method signature="SignUP_CorrectData_Butinsert_spaces_only_in_name()[pri:0, instance:Pages.SignUP@5c6648b0]" started-at="2022-06-21T16:49:24 EET" name="SignUP_CorrectData_Butinsert_spaces_only_in_name" finished-at="2022-06-21T16:49:26 EET" duration-ms="2368" status="PASS">
          <reporter-output>
          </reporter-output>
        </test-method> <!-- SignUP_CorrectData_Butinsert_spaces_only_in_name -->
        <test-method is-config="true" signature="quit()[pri:0, instance:Pages.SignUP@5c6648b0]" started-at="2022-06-21T16:49:26 EET" name="quit" finished-at="2022-06-21T16:49:35 EET" duration-ms="8997" status="PASS">
          <reporter-output>
          </reporter-output>
        </test-method> <!-- quit -->
        <test-method is-config="true" signature="openURL()[pri:0, instance:Pages.SignUP@5c6648b0]" started-at="2022-06-21T16:49:35 EET" name="openURL" finished-at="2022-06-21T16:49:39 EET" duration-ms="3681" status="PASS">
          <reporter-output>
          </reporter-output>
        </test-method> <!-- openURL -->
        <test-method signature="SignUP_CorrectData_Butinsert_value_Greater_than_maximum_limitation_in_password()[pri:0, instance:Pages.SignUP@5c6648b0]" started-at="2022-06-21T16:49:39 EET" name="SignUP_CorrectData_Butinsert_value_Greater_than_maximum_limitation_in_password" finished-at="2022-06-21T16:49:41 EET" duration-ms="2151" status="PASS">
          <reporter-output>
          </reporter-output>
        </test-method> <!-- SignUP_CorrectData_Butinsert_value_Greater_than_maximum_limitation_in_password -->
        <test-method is-config="true" signature="quit()[pri:0, instance:Pages.SignUP@5c6648b0]" started-at="2022-06-21T16:49:41 EET" name="quit" finished-at="2022-06-21T16:49:48 EET" duration-ms="7208" status="PASS">
          <reporter-output>
          </reporter-output>
        </test-method> <!-- quit -->
        <test-method is-config="true" signature="openURL()[pri:0, instance:Pages.SignUP@5c6648b0]" started-at="2022-06-21T16:49:48 EET" name="openURL" finished-at="2022-06-21T16:49:55 EET" duration-ms="6518" status="PASS">
          <reporter-output>
          </reporter-output>
        </test-method> <!-- openURL -->
        <test-method signature="SignUP_CorrectData_Butinsert_value_Greater_than_maximum_limitation_in_phone()[pri:0, instance:Pages.SignUP@5c6648b0]" started-at="2022-06-21T16:49:55 EET" name="SignUP_CorrectData_Butinsert_value_Greater_than_maximum_limitation_in_phone" finished-at="2022-06-21T16:49:58 EET" duration-ms="3138" status="PASS">
          <reporter-output>
          </reporter-output>
        </test-method> <!-- SignUP_CorrectData_Butinsert_value_Greater_than_maximum_limitation_in_phone -->
        <test-method is-config="true" signature="quit()[pri:0, instance:Pages.SignUP@5c6648b0]" started-at="2022-06-21T16:49:58 EET" name="quit" finished-at="2022-06-21T16:50:05 EET" duration-ms="7010" status="PASS">
          <reporter-output>
          </reporter-output>
        </test-method> <!-- quit -->
        <test-method is-config="true" signature="openURL()[pri:0, instance:Pages.SignUP@5c6648b0]" started-at="2022-06-21T16:50:05 EET" name="openURL" finished-at="2022-06-21T16:50:09 EET" duration-ms="4384" status="PASS">
          <reporter-output>
          </reporter-output>
        </test-method> <!-- openURL -->
        <test-method signature="SignUP_CorrectData_Butinsert_value_less_than_minimum_limitation_in_password()[pri:0, instance:Pages.SignUP@5c6648b0]" started-at="2022-06-21T16:50:09 EET" name="SignUP_CorrectData_Butinsert_value_less_than_minimum_limitation_in_password" finished-at="2022-06-21T16:50:12 EET" duration-ms="2665" status="PASS">
          <reporter-output>
          </reporter-output>
        </test-method> <!-- SignUP_CorrectData_Butinsert_value_less_than_minimum_limitation_in_password -->
        <test-method is-config="true" signature="quit()[pri:0, instance:Pages.SignUP@5c6648b0]" started-at="2022-06-21T16:50:12 EET" name="quit" finished-at="2022-06-21T16:50:19 EET" duration-ms="7189" status="PASS">
          <reporter-output>
          </reporter-output>
        </test-method> <!-- quit -->
        <test-method is-config="true" signature="openURL()[pri:0, instance:Pages.SignUP@5c6648b0]" started-at="2022-06-21T16:50:19 EET" name="openURL" finished-at="2022-06-21T16:50:24 EET" duration-ms="4804" status="PASS">
          <reporter-output>
          </reporter-output>
        </test-method> <!-- openURL -->
        <test-method signature="SignUP_CorrectData_Butinsert_value_less_than_minimum_limitation_in_phone()[pri:0, instance:Pages.SignUP@5c6648b0]" started-at="2022-06-21T16:50:24 EET" name="SignUP_CorrectData_Butinsert_value_less_than_minimum_limitation_in_phone" finished-at="2022-06-21T16:50:27 EET" duration-ms="2834" status="PASS">
          <reporter-output>
          </reporter-output>
        </test-method> <!-- SignUP_CorrectData_Butinsert_value_less_than_minimum_limitation_in_phone -->
        <test-method is-config="true" signature="quit()[pri:0, instance:Pages.SignUP@5c6648b0]" started-at="2022-06-21T16:50:27 EET" name="quit" finished-at="2022-06-21T16:50:35 EET" duration-ms="8133" status="PASS">
          <reporter-output>
          </reporter-output>
        </test-method> <!-- quit -->
        <test-method is-config="true" signature="openURL()[pri:0, instance:Pages.SignUP@5c6648b0]" started-at="2022-06-21T16:50:35 EET" name="openURL" finished-at="2022-06-21T16:50:38 EET" duration-ms="3451" status="PASS">
          <reporter-output>
          </reporter-output>
        </test-method> <!-- openURL -->
        <test-method signature="SignUP_ValidData()[pri:0, instance:Pages.SignUP@5c6648b0]" started-at="2022-06-21T16:50:38 EET" name="SignUP_ValidData" finished-at="2022-06-21T16:50:43 EET" duration-ms="4960" status="PASS">
          <reporter-output>
          </reporter-output>
        </test-method> <!-- SignUP_ValidData -->
        <test-method is-config="true" signature="quit()[pri:0, instance:Pages.SignUP@5c6648b0]" started-at="2022-06-21T16:50:43 EET" name="quit" finished-at="2022-06-21T16:50:49 EET" duration-ms="5476" status="PASS">
          <reporter-output>
          </reporter-output>
        </test-method> <!-- quit -->
        <test-method is-config="true" signature="openURL()[pri:0, instance:Pages.SignUP@5c6648b0]" started-at="2022-06-21T16:50:49 EET" name="openURL" finished-at="2022-06-21T16:50:53 EET" duration-ms="4397" status="PASS">
          <reporter-output>
          </reporter-output>
        </test-method> <!-- openURL -->
        <test-method signature="SignUP_ValidData_WithInsert_any_data_In_Description()[pri:0, instance:Pages.SignUP@5c6648b0]" started-at="2022-06-21T16:50:53 EET" name="SignUP_ValidData_WithInsert_any_data_In_Description" finished-at="2022-06-21T16:50:57 EET" duration-ms="4159" status="PASS">
          <reporter-output>
          </reporter-output>
        </test-method> <!-- SignUP_ValidData_WithInsert_any_data_In_Description -->
        <test-method is-config="true" signature="quit()[pri:0, instance:Pages.SignUP@5c6648b0]" started-at="2022-06-21T16:50:57 EET" name="quit" finished-at="2022-06-21T16:51:04 EET" duration-ms="6628" status="PASS">
          <reporter-output>
          </reporter-output>
        </test-method> <!-- quit -->
      </class> <!-- Pages.SignUP -->
      <class name="Pages.Login">
        <test-method is-config="true" signature="open_URL()[pri:0, instance:Pages.Login@4550bb58]" started-at="2022-06-21T16:45:50 EET" name="open_URL" finished-at="2022-06-21T16:45:56 EET" duration-ms="5909" status="PASS">
          <reporter-output>
          </reporter-output>
        </test-method> <!-- open_URL -->
        <test-method signature="Login_All_fields_empty()[pri:0, instance:Pages.Login@4550bb58]" started-at="2022-06-21T16:45:56 EET" name="Login_All_fields_empty" finished-at="2022-06-21T16:45:57 EET" duration-ms="961" status="PASS">
          <reporter-output>
          </reporter-output>
        </test-method> <!-- Login_All_fields_empty -->
        <test-method is-config="true" signature="quit(org.testng.ITestResult)[pri:0, instance:Pages.Login@4550bb58]" started-at="2022-06-21T16:45:57 EET" name="quit" finished-at="2022-06-21T16:46:06 EET" duration-ms="9126" status="PASS">
          <params>
            <param index="0">
              <value>
                <![CDATA[[TestResult name=Login_All_fields_empty status=SUCCESS method=Login.Login_All_fields_empty()[pri:0, instance:Pages.Login@4550bb58] output={null}]]]>
              </value>
            </param>
          </params>
          <reporter-output>
          </reporter-output>
        </test-method> <!-- quit -->
        <test-method is-config="true" signature="open_URL()[pri:0, instance:Pages.Login@4550bb58]" started-at="2022-06-21T16:46:06 EET" name="open_URL" finished-at="2022-06-21T16:46:11 EET" duration-ms="4346" status="PASS">
          <reporter-output>
          </reporter-output>
        </test-method> <!-- open_URL -->
        <test-method signature="Login_Correct_username_AndWrong_password()[pri:0, instance:Pages.Login@4550bb58]" started-at="2022-06-21T16:46:11 EET" name="Login_Correct_username_AndWrong_password" finished-at="2022-06-21T16:46:12 EET" duration-ms="1534" status="PASS">
          <reporter-output>
          </reporter-output>
        </test-method> <!-- Login_Correct_username_AndWrong_password -->
        <test-method is-config="true" signature="quit(org.testng.ITestResult)[pri:0, instance:Pages.Login@4550bb58]" started-at="2022-06-21T16:46:12 EET" name="quit" finished-at="2022-06-21T16:46:22 EET" duration-ms="10156" status="PASS">
          <params>
            <param index="0">
              <value>
                <![CDATA[[TestResult name=Login_Correct_username_AndWrong_password status=SUCCESS method=Login.Login_Correct_username_AndWrong_password()[pri:0, instance:Pages.Login@4550bb58] output={null}]]]>
              </value>
            </param>
          </params>
          <reporter-output>
          </reporter-output>
        </test-method> <!-- quit -->
        <test-method is-config="true" signature="open_URL()[pri:0, instance:Pages.Login@4550bb58]" started-at="2022-06-21T16:46:22 EET" name="open_URL" finished-at="2022-06-21T16:46:26 EET" duration-ms="3483" status="PASS">
          <reporter-output>
          </reporter-output>
        </test-method> <!-- open_URL -->
        <test-method signature="Login_Valid_Data()[pri:0, instance:Pages.Login@4550bb58]" started-at="2022-06-21T16:46:26 EET" name="Login_Valid_Data" finished-at="2022-06-21T16:46:28 EET" duration-ms="1770" status="PASS">
          <reporter-output>
          </reporter-output>
        </test-method> <!-- Login_Valid_Data -->
        <test-method is-config="true" signature="quit(org.testng.ITestResult)[pri:0, instance:Pages.Login@4550bb58]" started-at="2022-06-21T16:46:28 EET" name="quit" finished-at="2022-06-21T16:46:37 EET" duration-ms="9684" status="PASS">
          <params>
            <param index="0">
              <value>
                <![CDATA[[TestResult name=Login_Valid_Data status=SUCCESS method=Login.Login_Valid_Data()[pri:0, instance:Pages.Login@4550bb58] output={null}]]]>
              </value>
            </param>
          </params>
          <reporter-output>
          </reporter-output>
        </test-method> <!-- quit -->
        <test-method is-config="true" signature="open_URL()[pri:0, instance:Pages.Login@4550bb58]" started-at="2022-06-21T16:46:37 EET" name="open_URL" finished-at="2022-06-21T16:46:40 EET" duration-ms="3179" status="PASS">
          <reporter-output>
          </reporter-output>
        </test-method> <!-- open_URL -->
        <test-method signature="Login_Wrong_username_Correct_password()[pri:0, instance:Pages.Login@4550bb58]" started-at="2022-06-21T16:46:40 EET" name="Login_Wrong_username_Correct_password" finished-at="2022-06-21T16:46:42 EET" duration-ms="1224" status="PASS">
          <reporter-output>
          </reporter-output>
        </test-method> <!-- Login_Wrong_username_Correct_password -->
        <test-method is-config="true" signature="quit(org.testng.ITestResult)[pri:0, instance:Pages.Login@4550bb58]" started-at="2022-06-21T16:46:42 EET" name="quit" finished-at="2022-06-21T16:46:49 EET" duration-ms="7405" status="PASS">
          <params>
            <param index="0">
              <value>
                <![CDATA[[TestResult name=Login_Wrong_username_Correct_password status=SUCCESS method=Login.Login_Wrong_username_Correct_password()[pri:0, instance:Pages.Login@4550bb58] output={null}]]]>
              </value>
            </param>
          </params>
          <reporter-output>
          </reporter-output>
        </test-method> <!-- quit -->
      </class> <!-- Pages.Login -->
    </test> <!-- Test -->
  </suite> <!-- Suite -->
</testng-results>
