<?xml version="1.0" encoding="UTF-8"?>
<testng-results ignored="0" total="4" passed="4" failed="0" skipped="0">
  <reporter-output>
  </reporter-output>
  <suite started-at="2022-06-23T12:15:22 EET" name="Suite" finished-at="2022-06-23T12:15:56 EET" duration-ms="33910">
    <groups>
    </groups>
    <test started-at="2022-06-23T12:15:22 EET" name="Test" finished-at="2022-06-23T12:15:56 EET" duration-ms="33910">
      <class name="Pages.ReportWaffarAd">
        <test-method is-config="true" signature="start()[pri:0, instance:Pages.ReportWaffarAd@799f10e1]" started-at="2022-06-23T12:15:22 EET" name="start" finished-at="2022-06-23T12:15:22 EET" duration-ms="201" status="PASS">
          <reporter-output>
          </reporter-output>
        </test-method> <!-- start -->
        <test-method is-config="true" signature="End()[pri:0, instance:Pages.ReportWaffarAd@799f10e1]" started-at="2022-06-23T12:15:56 EET" name="End" finished-at="2022-06-23T12:15:57 EET" duration-ms="351" status="PASS">
          <reporter-output>
          </reporter-output>
        </test-method> <!-- End -->
      </class> <!-- Pages.ReportWaffarAd -->
      <class name="Pages.Login">
        <test-method is-config="true" signature="open_URL()[pri:0, instance:Pages.Login@223d2c72]" started-at="2022-06-23T12:15:23 EET" name="open_URL" finished-at="2022-06-23T12:15:28 EET" duration-ms="5170" status="PASS">
          <reporter-output>
          </reporter-output>
        </test-method> <!-- open_URL -->
        <test-method signature="Login_All_fields_empty()[pri:0, instance:Pages.Login@223d2c72]" started-at="2022-06-23T12:15:28 EET" name="Login_All_fields_empty" finished-at="2022-06-23T12:15:28 EET" duration-ms="801" status="PASS">
          <reporter-output>
          </reporter-output>
        </test-method> <!-- Login_All_fields_empty -->
        <test-method is-config="true" signature="quit(org.testng.ITestResult)[pri:0, instance:Pages.Login@223d2c72]" started-at="2022-06-23T12:15:28 EET" name="quit" finished-at="2022-06-23T12:15:33 EET" duration-ms="4677" status="PASS">
          <params>
            <param index="0">
              <value>
                <![CDATA[[TestResult name=Login_All_fields_empty status=SUCCESS method=Login.Login_All_fields_empty()[pri:0, instance:Pages.Login@223d2c72] output={null}]]]>
              </value>
            </param>
          </params>
          <reporter-output>
          </reporter-output>
        </test-method> <!-- quit -->
        <test-method is-config="true" signature="open_URL()[pri:0, instance:Pages.Login@223d2c72]" started-at="2022-06-23T12:15:33 EET" name="open_URL" finished-at="2022-06-23T12:15:35 EET" duration-ms="2245" status="PASS">
          <reporter-output>
          </reporter-output>
        </test-method> <!-- open_URL -->
        <test-method signature="Login_Correct_username_AndWrong_password()[pri:0, instance:Pages.Login@223d2c72]" started-at="2022-06-23T12:15:35 EET" name="Login_Correct_username_AndWrong_password" finished-at="2022-06-23T12:15:36 EET" duration-ms="1025" status="PASS">
          <reporter-output>
          </reporter-output>
        </test-method> <!-- Login_Correct_username_AndWrong_password -->
        <test-method is-config="true" signature="quit(org.testng.ITestResult)[pri:0, instance:Pages.Login@223d2c72]" started-at="2022-06-23T12:15:36 EET" name="quit" finished-at="2022-06-23T12:15:41 EET" duration-ms="4380" status="PASS">
          <params>
            <param index="0">
              <value>
                <![CDATA[[TestResult name=Login_Correct_username_AndWrong_password status=SUCCESS method=Login.Login_Correct_username_AndWrong_password()[pri:0, instance:Pages.Login@223d2c72] output={null}]]]>
              </value>
            </param>
          </params>
          <reporter-output>
          </reporter-output>
        </test-method> <!-- quit -->
        <test-method is-config="true" signature="open_URL()[pri:0, instance:Pages.Login@223d2c72]" started-at="2022-06-23T12:15:41 EET" name="open_URL" finished-at="2022-06-23T12:15:43 EET" duration-ms="2304" status="PASS">
          <reporter-output>
          </reporter-output>
        </test-method> <!-- open_URL -->
        <test-method signature="Login_Valid_Data()[pri:0, instance:Pages.Login@223d2c72]" started-at="2022-06-23T12:15:43 EET" name="Login_Valid_Data" finished-at="2022-06-23T12:15:44 EET" duration-ms="1156" status="PASS">
          <reporter-output>
          </reporter-output>
        </test-method> <!-- Login_Valid_Data -->
        <test-method is-config="true" signature="quit(org.testng.ITestResult)[pri:0, instance:Pages.Login@223d2c72]" started-at="2022-06-23T12:15:44 EET" name="quit" finished-at="2022-06-23T12:15:49 EET" duration-ms="4458" status="PASS">
          <params>
            <param index="0">
              <value>
                <![CDATA[[TestResult name=Login_Valid_Data status=SUCCESS method=Login.Login_Valid_Data()[pri:0, instance:Pages.Login@223d2c72] output={null}]]]>
              </value>
            </param>
          </params>
          <reporter-output>
          </reporter-output>
        </test-method> <!-- quit -->
        <test-method is-config="true" signature="open_URL()[pri:0, instance:Pages.Login@223d2c72]" started-at="2022-06-23T12:15:49 EET" name="open_URL" finished-at="2022-06-23T12:15:51 EET" duration-ms="2420" status="PASS">
          <reporter-output>
          </reporter-output>
        </test-method> <!-- open_URL -->
        <test-method signature="Login_Wrong_username_Correct_password()[pri:0, instance:Pages.Login@223d2c72]" started-at="2022-06-23T12:15:51 EET" name="Login_Wrong_username_Correct_password" finished-at="2022-06-23T12:15:52 EET" duration-ms="911" status="PASS">
          <reporter-output>
          </reporter-output>
        </test-method> <!-- Login_Wrong_username_Correct_password -->
        <test-method is-config="true" signature="quit(org.testng.ITestResult)[pri:0, instance:Pages.Login@223d2c72]" started-at="2022-06-23T12:15:52 EET" name="quit" finished-at="2022-06-23T12:15:56 EET" duration-ms="4317" status="PASS">
          <params>
            <param index="0">
              <value>
                <![CDATA[[TestResult name=Login_Wrong_username_Correct_password status=SUCCESS method=Login.Login_Wrong_username_Correct_password()[pri:0, instance:Pages.Login@223d2c72] output={null}]]]>
              </value>
            </param>
          </params>
          <reporter-output>
          </reporter-output>
        </test-method> <!-- quit -->
      </class> <!-- Pages.Login -->
    </test> <!-- Test -->
  </suite> <!-- Suite -->
</testng-results>
